<?xml version='1.0' encoding='UTF-8'?>
<testsuite hostname="Khanhs-MacBook-Pro.local" name="controllers.greenfossil.jumpstart.day1.SingUpSuite" tests="1" errors="0" failures="1" skipped="0" time="0.002" timestamp="2023-11-14T14:16:25">
          <properties>
      <property name="java.specification.version" value="17"/><property name="sun.jnu.encoding" value="UTF-8"/><property name="sun.arch.data.model" value="64"/><property name="java.vendor.url" value="https://java.oracle.com/"/><property name="sun.boot.library.path" value="/Library/Java/JavaVirtualMachines/jdk-17.jdk/Contents/Home/lib"/><property name="sun.java.command" value="/Users/khanhly/Library/Caches/Coursier/arc/https/github.com/sbt/sbt/releases/download/v1.9.7/sbt-1.9.7.zip/sbt/bin/sbt-launch.jar test"/><property name="jdk.debug" value="release"/><property name="sun.stderr.encoding" value="UTF-8"/><property name="java.specification.vendor" value="Oracle Corporation"/><property name="java.version.date" value="2023-10-17"/><property name="java.home" value="/Library/Java/JavaVirtualMachines/jdk-17.jdk/Contents/Home"/><property name="file.separator" value="/"/><property name="java.vm.compressedOopsMode" value="Zero based"/><property name="line.separator" value="
"/><property name="sun.stdout.encoding" value="UTF-8"/><property name="java.vm.specification.vendor" value="Oracle Corporation"/><property name="java.specification.name" value="Java Platform API Specification"/><property name="sun.management.compiler" value="HotSpot 64-Bit Tiered Compilers"/><property name="java.runtime.version" value="17.0.9+11-LTS-201"/><property name="user.name" value="khanhly"/><property name="log4j.ignoreTCL" value="true"/><property name="file.encoding" value="UTF-8"/><property name="java.io.tmpdir" value="/var/folders/hq/g80dj4x131vgy9s9253ft7gw0000gn/T/"/><property name="java.version" value="17.0.9"/><property name="java.vm.specification.name" value="Java Virtual Machine Specification"/><property name="native.encoding" value="UTF-8"/><property name="java.library.path" value="/Users/khanhly/Library/Java/Extensions:/Library/Java/Extensions:/Network/Library/Java/Extensions:/System/Library/Java/Extensions:/usr/lib/java:."/><property name="java.vendor" value="Oracle Corporation"/><property name="scala.ext.dirs" value="/Users/khanhly/.sbt/1.0/java9-rt-ext-oracle_corporation_17_0_9"/><property name="sun.io.unicode.encoding" value="UnicodeBig"/><property name="socksNonProxyHosts" value="local|*.local|169.254/16|*.169.254/16"/><property name="java.class.path" value="/Users/khanhly/Library/Caches/Coursier/arc/https/github.com/sbt/sbt/releases/download/v1.9.7/sbt-1.9.7.zip/sbt/bin/sbt-launch.jar"/><property name="java.vm.vendor" value="Oracle Corporation"/><property name="jline.shutdownhook" value="false"/><property name="user.timezone" value="Asia/Ho_Chi_Minh"/><property name="java.vm.specification.version" value="17"/><property name="os.name" value="Mac OS X"/><property name="sun.java.launcher" value="SUN_STANDARD"/><property name="user.country" value="VN"/><property name="http.nonProxyHosts" value="local|*.local|169.254/16|*.169.254/16"/><property name="sun.cpu.endian" value="little"/><property name="user.home" value="/Users/khanhly"/><property name="user.language" value="en"/><property name="sbt.script" value="/Users/khanhly/Library/Caches/Coursier/arc/https/github.com/sbt/sbt/releases/download/v1.9.7/sbt-1.9.7.zip/sbt/bin/sbt"/><property name="sbt.ipcsocket.tmpdir" value="/var/folders/hq/g80dj4x131vgy9s9253ft7gw0000gn/T/.sbt5067f8e6/ipcsocket"/><property name="swoval.tmpdir" value="/var/folders/hq/g80dj4x131vgy9s9253ft7gw0000gn/T/.sbt5067f8e6/swoval"/><property name="jline.esc.timeout" value="0"/><property name="ftp.nonProxyHosts" value="local|*.local|169.254/16|*.169.254/16"/><property name="path.separator" value=":"/><property name="os.version" value="14.0"/><property name="jna.nosys" value="true"/><property name="java.runtime.name" value="Java(TM) SE Runtime Environment"/><property name="java.vm.name" value="Java HotSpot(TM) 64-Bit Server VM"/><property name="java.vendor.url.bug" value="https://bugreport.java.com/bugreport/"/><property name="user.dir" value="/Users/khanhly/Desktop/Project/SMARTERHEALTH/jumpstart-20231114"/><property name="os.arch" value="aarch64"/><property name="java.vm.info" value="mixed mode, sharing"/><property name="java.vm.version" value="17.0.9+11-LTS-201"/><property name="java.class.version" value="61.0"/>
    </properties>
          <testcase classname="controllers.greenfossil.jumpstart.day1.SingUpSuite" name="beforeAll" time="0.002">
                      <failure message="no services in the server" type="java.lang.IllegalArgumentException">java.lang.IllegalArgumentException: no services in the server
	at com.linecorp.armeria.server.DefaultServerConfig.&lt;init&gt;(DefaultServerConfig.java:250)
	at com.linecorp.armeria.server.ServerBuilder.buildServerConfig(ServerBuilder.java:2222)
	at com.linecorp.armeria.server.ServerBuilder.build(ServerBuilder.java:2078)
	at com.greenfossil.thorium.Server.buildServer(Server.scala:257)
	at com.greenfossil.thorium.Server.buildServer(Server.scala:204)
	at com.greenfossil.thorium.Server.start(Server.scala:296)
	at controllers.greenfossil.jumpstart.day1.SingUpSuite.beforeAll(SingUpSuite.scala:45)
	at munit.MUnitRunner.$anonfun$3(MUnitRunner.scala:168)
	at scala.runtime.java8.JFunction0$mcV$sp.apply(JFunction0$mcV$sp.scala:18)
</failure>
                    </testcase>
          <system-out><![CDATA[]]></system-out>
          <system-err><![CDATA[]]></system-err>
        </testsuite>